10:59:31.075 [main] INFO  org.testng.internal.Utils - [TestNG] Running:
  C:\Users\ganes\eclipse-workspace\TestAutomation_V1310\crossbrowser.xml

10:59:40.096 [TestNG-tests-1] INFO  testCases.TC02_TestLoginPage - ************ Starting of the Test ***************
10:59:40.156 [TestNG-tests-2] INFO  testCases.TC02_TestLoginPage - ************ Starting of the Test ***************
10:59:41.836 [TestNG-tests-1] INFO  testCases.TC02_TestLoginPage - *********** End of the Testing **************
10:59:41.947 [TestNG-tests-2] INFO  testCases.TC02_TestLoginPage - *********** End of the Testing **************
10:59:42.055 [TestNG-tests-3] INFO  testCases.TC02_TestLoginPage - ************ Starting of the Test ***************
10:59:43.480 [TestNG-tests-3] INFO  testCases.TC02_TestLoginPage - *********** End of the Testing **************
13:12:08.703 [main] INFO  org.testng.internal.Utils - [TestNG] Running:
  C:\Users\ganes\eclipse-workspace\TestAutomation_V1310\master.xml

13:17:02.209 [main] INFO  org.testng.internal.Utils - [Utils] MethodGroupsHelper.collectMethodsByGroup() took 1 ms.
13:17:02.213 [main] INFO  org.testng.internal.Utils - [Utils] MethodGroupsHelper.sortMethods() took 0 ms.
13:17:02.214 [main] INFO  org.testng.internal.Utils - [Utils] MethodGroupsHelper.collectMethodsByGroup() took 0 ms.
13:17:02.214 [main] INFO  org.testng.internal.Utils - [Utils] MethodGroupsHelper.sortMethods() took 0 ms.
13:17:02.215 [main] INFO  org.testng.internal.Utils - [Utils] MethodGroupsHelper.collectMethodsByGroup() took 0 ms.
13:17:02.215 [main] INFO  org.testng.internal.Utils - [Utils] MethodGroupsHelper.sortMethods() took 0 ms.
13:17:02.215 [main] INFO  org.testng.internal.Utils - [Utils] MethodGroupsHelper.collectMethodsByGroup() took 0 ms.
13:17:02.215 [main] INFO  org.testng.internal.Utils - [Utils] MethodGroupsHelper.sortMethods() took 0 ms.
13:17:02.221 [main] INFO  org.testng.internal.Utils - [Utils] MethodGroupsHelper.collectMethodsByGroup() took 3 ms.
13:17:02.230 [main] INFO  org.testng.internal.Utils - [Utils] MethodGroupsHelper.sortMethods() took 8 ms.
13:17:02.231 [main] INFO  org.testng.internal.Utils - [Utils] MethodGroupsHelper.collectMethodsByGroup() took 0 ms.
13:17:02.232 [main] INFO  org.testng.internal.Utils - [Utils] MethodGroupsHelper.sortMethods() took 0 ms.
13:17:02.232 [main] INFO  org.testng.internal.Utils - [Utils] MethodGroupsHelper.collectMethodsByGroup() took 0 ms.
13:17:02.232 [main] INFO  org.testng.internal.Utils - [Utils] MethodGroupsHelper.sortMethods() took 0 ms.
13:17:02.233 [main] INFO  org.testng.internal.Utils - [Utils] MethodGroupsHelper.collectMethodsByGroup() took 0 ms.
13:17:02.233 [main] INFO  org.testng.internal.Utils - [Utils] MethodGroupsHelper.sortMethods() took 0 ms.
13:17:02.234 [main] INFO  org.testng.internal.Utils - [Utils] MethodGroupsHelper.collectMethodsByGroup() took 0 ms.
13:17:02.235 [main] INFO  org.testng.internal.Utils - [Utils] MethodGroupsHelper.sortMethods() took 0 ms.
13:17:02.235 [main] INFO  org.testng.internal.Utils - [Utils] MethodGroupsHelper.collectMethodsByGroup() took 0 ms.
13:17:02.235 [main] INFO  org.testng.internal.Utils - [Utils] MethodGroupsHelper.sortMethods() took 0 ms.
13:17:02.237 [main] INFO  org.testng.internal.Utils - [Utils] MethodGroupsHelper.collectMethodsByGroup() took 0 ms.
13:17:02.237 [main] INFO  org.testng.internal.Utils - [Utils] MethodGroupsHelper.sortMethods() took 0 ms.
13:17:02.237 [main] INFO  org.testng.internal.Utils - [Utils] MethodGroupsHelper.collectMethodsByGroup() took 0 ms.
13:17:02.237 [main] INFO  org.testng.internal.Utils - [Utils] MethodGroupsHelper.sortMethods() took 0 ms.
13:17:02.237 [main] INFO  org.testng.internal.Utils - [Utils] MethodGroupsHelper.collectMethodsByGroup() took 0 ms.
13:17:02.237 [main] INFO  org.testng.internal.Utils - [Utils] MethodGroupsHelper.sortMethods() took 0 ms.
13:17:02.239 [main] INFO  org.testng.internal.Utils - [Utils] MethodGroupsHelper.collectMethodsByGroup() took 0 ms.
13:17:02.239 [main] INFO  org.testng.internal.Utils - [Utils] MethodGroupsHelper.sortMethods() took 0 ms.
13:17:02.239 [main] INFO  org.testng.internal.Utils - [Utils] MethodGroupsHelper.collectMethodsByGroup() took 0 ms.
13:17:02.239 [main] INFO  org.testng.internal.Utils - [Utils] MethodGroupsHelper.sortMethods() took 0 ms.
13:17:02.245 [main] INFO  org.testng.internal.Utils - [TestNG] Running:
  C:\Users\ganes\AppData\Local\Temp\testng-eclipse--1714610217\testng-customsuite.xml

13:17:02.261 [main] INFO  org.testng.internal.Utils - [Utils] DynamicGraphHelper.createDynamicGraph() took 4 ms.
13:17:02.300 [main] ERROR org.testng.internal.Utils - [Error] org.testng.TestNGException: 
Method public void testCases.TC02_TestLoginPage.LoginPage_verification(java.lang.String,java.lang.String,java.lang.String) requires a @DataProvider named : LoginData in class org.testng.annotations.DataProvider
	at org.testng.internal.Parameters.findDataProvider(Parameters.java:532)
	at org.testng.internal.Parameters.handleParameters(Parameters.java:769)
	at org.testng.internal.Parameters.handleParameters(Parameters.java:734)
	at org.testng.internal.invokers.ParameterHandler.handleParameters(ParameterHandler.java:72)
	at org.testng.internal.invokers.ParameterHandler.createParameters(ParameterHandler.java:51)
	at org.testng.internal.invokers.TestInvoker$MethodInvocationAgent.invoke(TestInvoker.java:946)
	at org.testng.internal.invokers.TestInvoker.invokeTestMethods(TestInvoker.java:203)
	at org.testng.internal.invokers.TestMethodWorker.invokeTestMethods(TestMethodWorker.java:154)
	at org.testng.internal.invokers.TestMethodWorker.run(TestMethodWorker.java:134)
	at java.base/java.util.ArrayList.forEach(ArrayList.java:1596)
	at org.testng.TestRunner.privateRun(TestRunner.java:739)
	at org.testng.TestRunner.run(TestRunner.java:614)
	at org.testng.SuiteRunner.runTest(SuiteRunner.java:421)
	at org.testng.SuiteRunner.runSequentially(SuiteRunner.java:413)
	at org.testng.SuiteRunner.privateRun(SuiteRunner.java:373)
	at org.testng.SuiteRunner.run(SuiteRunner.java:312)
	at org.testng.SuiteRunnerWorker.runSuite(SuiteRunnerWorker.java:52)
	at org.testng.SuiteRunnerWorker.run(SuiteRunnerWorker.java:95)
	at org.testng.TestNG.runSuitesSequentially(TestNG.java:1274)
	at org.testng.TestNG.runSuitesLocally(TestNG.java:1208)
	at org.testng.TestNG.runSuites(TestNG.java:1112)
	at org.testng.TestNG.run(TestNG.java:1079)
	at org.testng.remote.AbstractRemoteTestNG.run(AbstractRemoteTestNG.java:115)
	at org.testng.remote.RemoteTestNG.initAndRun(RemoteTestNG.java:293)
	at org.testng.remote.RemoteTestNG.main(RemoteTestNG.java:91)

13:17:02.458 [main] INFO  org.testng.internal.Utils - [TestNG] Time taken by org.testng.reporters.jq.Main@f9b7332: 86 ms
13:17:02.470 [main] INFO  org.testng.internal.Utils - [TestNG] Time taken by org.testng.reporters.FailedReporter@644c78d4: 12 ms
13:17:02.489 [main] INFO  org.testng.internal.Utils - [TestNG] Time taken by org.testng.reporters.XMLReporter@372ea2bc: 17 ms
13:17:02.508 [main] INFO  org.testng.internal.Utils - [TestNG] Time taken by org.testng.reporters.EmailableReporter2@5990e6c5: 19 ms
13:17:02.515 [main] INFO  org.testng.internal.Utils - [TestNG] Time taken by org.testng.reporters.JUnitReportReporter@f415a95: 7 ms
13:17:02.516 [main] INFO  org.testng.internal.Utils - [TestNG] Time taken by org.testng.internal.ExitCodeListener@cf65451: 1 ms
13:18:39.298 [main] INFO  org.testng.internal.Utils - [TestNG] Running:
  C:\Users\ganes\eclipse-workspace\TestAutomation_V1310\master.xml

13:19:36.141 [main] INFO  org.testng.internal.Utils - [Utils] MethodGroupsHelper.collectMethodsByGroup() took 0 ms.
13:19:36.147 [main] INFO  org.testng.internal.Utils - [Utils] MethodGroupsHelper.sortMethods() took 1 ms.
13:19:36.149 [main] INFO  org.testng.internal.Utils - [Utils] MethodGroupsHelper.collectMethodsByGroup() took 0 ms.
13:19:36.149 [main] INFO  org.testng.internal.Utils - [Utils] MethodGroupsHelper.sortMethods() took 0 ms.
13:19:36.149 [main] INFO  org.testng.internal.Utils - [Utils] MethodGroupsHelper.collectMethodsByGroup() took 0 ms.
13:19:36.149 [main] INFO  org.testng.internal.Utils - [Utils] MethodGroupsHelper.sortMethods() took 0 ms.
13:19:36.150 [main] INFO  org.testng.internal.Utils - [Utils] MethodGroupsHelper.collectMethodsByGroup() took 0 ms.
13:19:36.150 [main] INFO  org.testng.internal.Utils - [Utils] MethodGroupsHelper.sortMethods() took 0 ms.
13:19:36.157 [main] INFO  org.testng.internal.Utils - [Utils] MethodGroupsHelper.collectMethodsByGroup() took 5 ms.
13:19:36.166 [main] INFO  org.testng.internal.Utils - [Utils] MethodGroupsHelper.sortMethods() took 9 ms.
13:19:36.167 [main] INFO  org.testng.internal.Utils - [Utils] MethodGroupsHelper.collectMethodsByGroup() took 0 ms.
13:19:36.167 [main] INFO  org.testng.internal.Utils - [Utils] MethodGroupsHelper.sortMethods() took 0 ms.
13:19:36.168 [main] INFO  org.testng.internal.Utils - [Utils] MethodGroupsHelper.collectMethodsByGroup() took 0 ms.
13:19:36.168 [main] INFO  org.testng.internal.Utils - [Utils] MethodGroupsHelper.sortMethods() took 0 ms.
13:19:36.168 [main] INFO  org.testng.internal.Utils - [Utils] MethodGroupsHelper.collectMethodsByGroup() took 0 ms.
13:19:36.168 [main] INFO  org.testng.internal.Utils - [Utils] MethodGroupsHelper.sortMethods() took 0 ms.
13:19:36.170 [main] INFO  org.testng.internal.Utils - [Utils] MethodGroupsHelper.collectMethodsByGroup() took 0 ms.
13:19:36.170 [main] INFO  org.testng.internal.Utils - [Utils] MethodGroupsHelper.sortMethods() took 0 ms.
13:19:36.170 [main] INFO  org.testng.internal.Utils - [Utils] MethodGroupsHelper.collectMethodsByGroup() took 0 ms.
13:19:36.170 [main] INFO  org.testng.internal.Utils - [Utils] MethodGroupsHelper.sortMethods() took 0 ms.
13:19:36.172 [main] INFO  org.testng.internal.Utils - [Utils] MethodGroupsHelper.collectMethodsByGroup() took 0 ms.
13:19:36.172 [main] INFO  org.testng.internal.Utils - [Utils] MethodGroupsHelper.sortMethods() took 0 ms.
13:19:36.172 [main] INFO  org.testng.internal.Utils - [Utils] MethodGroupsHelper.collectMethodsByGroup() took 0 ms.
13:19:36.173 [main] INFO  org.testng.internal.Utils - [Utils] MethodGroupsHelper.sortMethods() took 0 ms.
13:19:36.174 [main] INFO  org.testng.internal.Utils - [Utils] MethodGroupsHelper.collectMethodsByGroup() took 0 ms.
13:19:36.174 [main] INFO  org.testng.internal.Utils - [Utils] MethodGroupsHelper.sortMethods() took 0 ms.
13:19:36.175 [main] INFO  org.testng.internal.Utils - [Utils] MethodGroupsHelper.collectMethodsByGroup() took 0 ms.
13:19:36.175 [main] INFO  org.testng.internal.Utils - [Utils] MethodGroupsHelper.sortMethods() took 0 ms.
13:19:36.175 [main] INFO  org.testng.internal.Utils - [Utils] MethodGroupsHelper.collectMethodsByGroup() took 0 ms.
13:19:36.175 [main] INFO  org.testng.internal.Utils - [Utils] MethodGroupsHelper.sortMethods() took 0 ms.
13:19:36.181 [main] INFO  org.testng.internal.Utils - [TestNG] Running:
  C:\Users\ganes\AppData\Local\Temp\testng-eclipse-1292433945\testng-customsuite.xml

13:19:36.195 [main] INFO  org.testng.internal.Utils - [Utils] DynamicGraphHelper.createDynamicGraph() took 2 ms.
13:19:36.228 [main] ERROR org.testng.internal.Utils - [Error] org.testng.TestNGException: 
Method public void testCases.TC02_TestLoginPage.LoginPage_verification(java.lang.String,java.lang.String,java.lang.String) requires a @DataProvider named : LoginData in class org.testng.annotations.DataProvider
	at org.testng.internal.Parameters.findDataProvider(Parameters.java:532)
	at org.testng.internal.Parameters.handleParameters(Parameters.java:769)
	at org.testng.internal.Parameters.handleParameters(Parameters.java:734)
	at org.testng.internal.invokers.ParameterHandler.handleParameters(ParameterHandler.java:72)
	at org.testng.internal.invokers.ParameterHandler.createParameters(ParameterHandler.java:51)
	at org.testng.internal.invokers.TestInvoker$MethodInvocationAgent.invoke(TestInvoker.java:946)
	at org.testng.internal.invokers.TestInvoker.invokeTestMethods(TestInvoker.java:203)
	at org.testng.internal.invokers.TestMethodWorker.invokeTestMethods(TestMethodWorker.java:154)
	at org.testng.internal.invokers.TestMethodWorker.run(TestMethodWorker.java:134)
	at java.base/java.util.ArrayList.forEach(ArrayList.java:1596)
	at org.testng.TestRunner.privateRun(TestRunner.java:739)
	at org.testng.TestRunner.run(TestRunner.java:614)
	at org.testng.SuiteRunner.runTest(SuiteRunner.java:421)
	at org.testng.SuiteRunner.runSequentially(SuiteRunner.java:413)
	at org.testng.SuiteRunner.privateRun(SuiteRunner.java:373)
	at org.testng.SuiteRunner.run(SuiteRunner.java:312)
	at org.testng.SuiteRunnerWorker.runSuite(SuiteRunnerWorker.java:52)
	at org.testng.SuiteRunnerWorker.run(SuiteRunnerWorker.java:95)
	at org.testng.TestNG.runSuitesSequentially(TestNG.java:1274)
	at org.testng.TestNG.runSuitesLocally(TestNG.java:1208)
	at org.testng.TestNG.runSuites(TestNG.java:1112)
	at org.testng.TestNG.run(TestNG.java:1079)
	at org.testng.remote.AbstractRemoteTestNG.run(AbstractRemoteTestNG.java:115)
	at org.testng.remote.RemoteTestNG.initAndRun(RemoteTestNG.java:293)
	at org.testng.remote.RemoteTestNG.main(RemoteTestNG.java:91)

13:19:36.409 [main] INFO  org.testng.internal.Utils - [TestNG] Time taken by org.testng.reporters.jq.Main@f9b7332: 106 ms
13:19:36.421 [main] INFO  org.testng.internal.Utils - [TestNG] Time taken by org.testng.reporters.FailedReporter@644c78d4: 12 ms
13:19:36.429 [main] INFO  org.testng.internal.Utils - [TestNG] Time taken by org.testng.reporters.XMLReporter@372ea2bc: 8 ms
13:19:36.436 [main] INFO  org.testng.internal.Utils - [TestNG] Time taken by org.testng.reporters.EmailableReporter2@5990e6c5: 7 ms
13:19:36.443 [main] INFO  org.testng.internal.Utils - [TestNG] Time taken by org.testng.reporters.JUnitReportReporter@f415a95: 7 ms
13:19:36.443 [main] INFO  org.testng.internal.Utils - [TestNG] Time taken by org.testng.internal.ExitCodeListener@cf65451: 0 ms
13:22:00.750 [main] INFO  org.testng.internal.Utils - [TestNG] Running:
  C:\Users\ganes\eclipse-workspace\TestAutomation_V1310\master.xml

13:23:07.411 [main] INFO  org.testng.internal.Utils - [TestNG] Running:
  C:\Users\ganes\eclipse-workspace\TestAutomation_V1310\master.xml

13:25:06.938 [main] INFO  org.testng.internal.Utils - [TestNG] Running:
  C:\Users\ganes\eclipse-workspace\TestAutomation_V1310\master.xml

13:25:16.264 [main] INFO  org.testng.internal.Utils - [TestNG] Running:
  C:\Users\ganes\eclipse-workspace\TestAutomation_V1310\master.xml

13:30:12.182 [main] INFO  org.testng.internal.Utils - [TestNG] Running:
  C:\Users\ganes\eclipse-workspace\TestAutomation_V1310\master.xml

13:31:07.098 [main] INFO  org.testng.internal.Utils - [TestNG] Running:
  C:\Users\ganes\eclipse-workspace\TestAutomation_V1310\master.xml

13:32:43.154 [main] INFO  org.testng.internal.Utils - [Utils] MethodGroupsHelper.collectMethodsByGroup() took 1 ms.
13:32:43.157 [main] INFO  org.testng.internal.Utils - [Utils] MethodGroupsHelper.sortMethods() took 1 ms.
13:32:43.159 [main] INFO  org.testng.internal.Utils - [Utils] MethodGroupsHelper.collectMethodsByGroup() took 0 ms.
13:32:43.159 [main] INFO  org.testng.internal.Utils - [Utils] MethodGroupsHelper.sortMethods() took 0 ms.
13:32:43.159 [main] INFO  org.testng.internal.Utils - [Utils] MethodGroupsHelper.collectMethodsByGroup() took 0 ms.
13:32:43.159 [main] INFO  org.testng.internal.Utils - [Utils] MethodGroupsHelper.sortMethods() took 0 ms.
13:32:43.160 [main] INFO  org.testng.internal.Utils - [Utils] MethodGroupsHelper.collectMethodsByGroup() took 0 ms.
13:32:43.160 [main] INFO  org.testng.internal.Utils - [Utils] MethodGroupsHelper.sortMethods() took 0 ms.
13:32:43.164 [main] INFO  org.testng.internal.Utils - [Utils] MethodGroupsHelper.collectMethodsByGroup() took 3 ms.
13:32:43.171 [main] INFO  org.testng.internal.Utils - [Utils] MethodGroupsHelper.sortMethods() took 7 ms.
13:32:43.172 [main] INFO  org.testng.internal.Utils - [Utils] MethodGroupsHelper.collectMethodsByGroup() took 0 ms.
13:32:43.172 [main] INFO  org.testng.internal.Utils - [Utils] MethodGroupsHelper.sortMethods() took 0 ms.
13:32:43.173 [main] INFO  org.testng.internal.Utils - [Utils] MethodGroupsHelper.collectMethodsByGroup() took 0 ms.
13:32:43.173 [main] INFO  org.testng.internal.Utils - [Utils] MethodGroupsHelper.sortMethods() took 0 ms.
13:32:43.173 [main] INFO  org.testng.internal.Utils - [Utils] MethodGroupsHelper.collectMethodsByGroup() took 0 ms.
13:32:43.173 [main] INFO  org.testng.internal.Utils - [Utils] MethodGroupsHelper.sortMethods() took 0 ms.
13:32:43.174 [main] INFO  org.testng.internal.Utils - [Utils] MethodGroupsHelper.collectMethodsByGroup() took 0 ms.
13:32:43.174 [main] INFO  org.testng.internal.Utils - [Utils] MethodGroupsHelper.sortMethods() took 0 ms.
13:32:43.175 [main] INFO  org.testng.internal.Utils - [Utils] MethodGroupsHelper.collectMethodsByGroup() took 0 ms.
13:32:43.175 [main] INFO  org.testng.internal.Utils - [Utils] MethodGroupsHelper.sortMethods() took 0 ms.
13:32:43.176 [main] INFO  org.testng.internal.Utils - [Utils] MethodGroupsHelper.collectMethodsByGroup() took 0 ms.
13:32:43.176 [main] INFO  org.testng.internal.Utils - [Utils] MethodGroupsHelper.sortMethods() took 0 ms.
13:32:43.176 [main] INFO  org.testng.internal.Utils - [Utils] MethodGroupsHelper.collectMethodsByGroup() took 0 ms.
13:32:43.176 [main] INFO  org.testng.internal.Utils - [Utils] MethodGroupsHelper.sortMethods() took 0 ms.
13:32:43.177 [main] INFO  org.testng.internal.Utils - [Utils] MethodGroupsHelper.collectMethodsByGroup() took 0 ms.
13:32:43.177 [main] INFO  org.testng.internal.Utils - [Utils] MethodGroupsHelper.sortMethods() took 0 ms.
13:32:43.178 [main] INFO  org.testng.internal.Utils - [Utils] MethodGroupsHelper.collectMethodsByGroup() took 0 ms.
13:32:43.178 [main] INFO  org.testng.internal.Utils - [Utils] MethodGroupsHelper.sortMethods() took 0 ms.
13:32:43.178 [main] INFO  org.testng.internal.Utils - [Utils] MethodGroupsHelper.collectMethodsByGroup() took 0 ms.
13:32:43.178 [main] INFO  org.testng.internal.Utils - [Utils] MethodGroupsHelper.sortMethods() took 0 ms.
13:32:43.183 [main] INFO  org.testng.internal.Utils - [TestNG] Running:
  C:\Users\ganes\AppData\Local\Temp\testng-eclipse--1118671920\testng-customsuite.xml

13:32:43.201 [main] INFO  org.testng.internal.Utils - [Utils] DynamicGraphHelper.createDynamicGraph() took 5 ms.
13:32:43.239 [main] ERROR org.testng.internal.Utils - [Error] org.testng.TestNGException: 
Method public void testCases.TC02_TestLoginPage.LoginPage_verification(java.lang.String,java.lang.String,java.lang.String) requires a @DataProvider named : LoginData in class org.testng.annotations.DataProvider
	at org.testng.internal.Parameters.findDataProvider(Parameters.java:532)
	at org.testng.internal.Parameters.handleParameters(Parameters.java:769)
	at org.testng.internal.Parameters.handleParameters(Parameters.java:734)
	at org.testng.internal.invokers.ParameterHandler.handleParameters(ParameterHandler.java:72)
	at org.testng.internal.invokers.ParameterHandler.createParameters(ParameterHandler.java:51)
	at org.testng.internal.invokers.TestInvoker$MethodInvocationAgent.invoke(TestInvoker.java:946)
	at org.testng.internal.invokers.TestInvoker.invokeTestMethods(TestInvoker.java:203)
	at org.testng.internal.invokers.TestMethodWorker.invokeTestMethods(TestMethodWorker.java:154)
	at org.testng.internal.invokers.TestMethodWorker.run(TestMethodWorker.java:134)
	at java.base/java.util.ArrayList.forEach(ArrayList.java:1596)
	at org.testng.TestRunner.privateRun(TestRunner.java:739)
	at org.testng.TestRunner.run(TestRunner.java:614)
	at org.testng.SuiteRunner.runTest(SuiteRunner.java:421)
	at org.testng.SuiteRunner.runSequentially(SuiteRunner.java:413)
	at org.testng.SuiteRunner.privateRun(SuiteRunner.java:373)
	at org.testng.SuiteRunner.run(SuiteRunner.java:312)
	at org.testng.SuiteRunnerWorker.runSuite(SuiteRunnerWorker.java:52)
	at org.testng.SuiteRunnerWorker.run(SuiteRunnerWorker.java:95)
	at org.testng.TestNG.runSuitesSequentially(TestNG.java:1274)
	at org.testng.TestNG.runSuitesLocally(TestNG.java:1208)
	at org.testng.TestNG.runSuites(TestNG.java:1112)
	at org.testng.TestNG.run(TestNG.java:1079)
	at org.testng.remote.AbstractRemoteTestNG.run(AbstractRemoteTestNG.java:115)
	at org.testng.remote.RemoteTestNG.initAndRun(RemoteTestNG.java:293)
	at org.testng.remote.RemoteTestNG.main(RemoteTestNG.java:91)

13:32:43.364 [main] INFO  org.testng.internal.Utils - [TestNG] Time taken by org.testng.reporters.jq.Main@f9b7332: 56 ms
13:32:43.374 [main] INFO  org.testng.internal.Utils - [TestNG] Time taken by org.testng.reporters.FailedReporter@644c78d4: 9 ms
13:32:43.385 [main] INFO  org.testng.internal.Utils - [TestNG] Time taken by org.testng.reporters.XMLReporter@372ea2bc: 11 ms
13:32:43.398 [main] INFO  org.testng.internal.Utils - [TestNG] Time taken by org.testng.reporters.EmailableReporter2@5990e6c5: 13 ms
13:32:43.405 [main] INFO  org.testng.internal.Utils - [TestNG] Time taken by org.testng.reporters.JUnitReportReporter@f415a95: 7 ms
13:32:43.406 [main] INFO  org.testng.internal.Utils - [TestNG] Time taken by org.testng.internal.ExitCodeListener@cf65451: 0 ms
13:33:43.049 [main] INFO  org.testng.internal.Utils - [TestNG] Running:
  C:\Users\ganes\eclipse-workspace\TestAutomation_V1310\master.xml

13:37:48.334 [main] INFO  org.testng.internal.Utils - [TestNG] Running:
  C:\Users\ganes\eclipse-workspace\TestAutomation_V1310\master.xml

13:39:40.944 [main] INFO  org.testng.internal.Utils - [TestNG] Running:
  C:\Users\ganes\eclipse-workspace\TestAutomation_V1310\master.xml

13:39:51.750 [main] INFO  testCases.TC02_TestLoginPage - ************ Starting of the Test ***************
13:39:52.741 [main] INFO  testCases.TC02_TestLoginPage - ************ Starting of the Test ***************
13:40:02.766 [main] INFO  testCases.TC02_TestLoginPage - *********** End of the Testing **************
13:40:02.772 [main] INFO  testCases.TC02_TestLoginPage - ************ Starting of the Test ***************
13:40:12.829 [main] INFO  testCases.TC02_TestLoginPage - *********** End of the Testing **************
13:40:12.835 [main] INFO  testCases.TC02_TestLoginPage - ************ Starting of the Test ***************
13:40:22.861 [main] INFO  testCases.TC02_TestLoginPage - *********** End of the Testing **************
13:40:22.865 [main] INFO  testCases.TC02_TestLoginPage - ************ Starting of the Test ***************
13:40:32.915 [main] INFO  testCases.TC02_TestLoginPage - *********** End of the Testing **************
13:40:32.924 [main] INFO  testCases.TC02_TestLoginPage - ************ Starting of the Test ***************
13:40:42.951 [main] INFO  testCases.TC02_TestLoginPage - *********** End of the Testing **************
13:42:29.439 [main] INFO  org.testng.internal.Utils - [TestNG] Running:
  C:\Users\ganes\eclipse-workspace\TestAutomation_V1310\master.xml

13:42:39.695 [main] INFO  testCases.TC02_TestLoginPage - ************ Starting of the Test ***************
13:42:40.834 [main] INFO  testCases.TC02_TestLoginPage - ************ Starting of the Test ***************
13:42:50.860 [main] INFO  testCases.TC02_TestLoginPage - *********** End of the Testing **************
13:42:50.868 [main] INFO  testCases.TC02_TestLoginPage - ************ Starting of the Test ***************
13:43:00.939 [main] INFO  testCases.TC02_TestLoginPage - *********** End of the Testing **************
13:43:00.946 [main] INFO  testCases.TC02_TestLoginPage - ************ Starting of the Test ***************
13:43:13.037 [main] INFO  testCases.TC02_TestLoginPage - *********** End of the Testing **************
13:43:13.050 [main] INFO  testCases.TC02_TestLoginPage - ************ Starting of the Test ***************
13:43:23.383 [main] INFO  testCases.TC02_TestLoginPage - *********** End of the Testing **************
13:43:23.396 [main] INFO  testCases.TC02_TestLoginPage - ************ Starting of the Test ***************
13:43:23.439 [main] INFO  testCases.TC02_TestLoginPage - *********** End of the Testing **************
14:51:56.184 [main] INFO  org.testng.internal.Utils - [TestNG] Running:
  C:\Users\ganes\eclipse-workspace\TestAutomation_V1310\master.xml

14:52:06.877 [main] INFO  testCases.TC02_TestLoginPage - ************ Starting of the Test ***************
14:52:08.310 [main] INFO  testCases.TC02_TestLoginPage - *********** End of the Testing **************
14:52:08.319 [main] INFO  testCases.TC02_TestLoginPage - ************ Starting of the Test ***************
14:52:08.603 [main] INFO  testCases.TC02_TestLoginPage - ************ Starting of the Test ***************
14:52:08.906 [main] INFO  testCases.TC02_TestLoginPage - ************ Starting of the Test ***************
14:52:09.248 [main] INFO  testCases.TC02_TestLoginPage - ************ Starting of the Test ***************
14:52:09.580 [main] INFO  testCases.TC02_TestLoginPage - ************ Starting of the Test ***************
14:52:09.608 [main] INFO  testCases.TC02_TestLoginPage - *********** End of the Testing **************
14:54:46.541 [main] INFO  org.testng.internal.Utils - [TestNG] Running:
  C:\Users\ganes\eclipse-workspace\TestAutomation_V1310\master.xml

14:54:57.103 [main] INFO  testCases.TC02_TestLoginPage - ************ Starting of the Test ***************
14:54:58.633 [main] INFO  testCases.TC02_TestLoginPage - ************ Starting of the Test ***************
14:54:59.007 [main] INFO  testCases.TC02_TestLoginPage - ************ Starting of the Test ***************
14:54:59.524 [main] INFO  testCases.TC02_TestLoginPage - ************ Starting of the Test ***************
14:54:59.889 [main] INFO  testCases.TC02_TestLoginPage - ************ Starting of the Test ***************
14:55:00.304 [main] INFO  testCases.TC02_TestLoginPage - ************ Starting of the Test ***************
14:55:00.325 [main] INFO  testCases.TC02_TestLoginPage - *********** End of the Testing **************
14:55:40.338 [main] INFO  org.testng.internal.Utils - [Utils] MethodGroupsHelper.collectMethodsByGroup() took 0 ms.
14:55:40.345 [main] INFO  org.testng.internal.Utils - [Utils] MethodGroupsHelper.sortMethods() took 2 ms.
14:55:40.347 [main] INFO  org.testng.internal.Utils - [Utils] MethodGroupsHelper.collectMethodsByGroup() took 0 ms.
14:55:40.347 [main] INFO  org.testng.internal.Utils - [Utils] MethodGroupsHelper.sortMethods() took 0 ms.
14:55:40.349 [main] INFO  org.testng.internal.Utils - [Utils] MethodGroupsHelper.collectMethodsByGroup() took 0 ms.
14:55:40.349 [main] INFO  org.testng.internal.Utils - [Utils] MethodGroupsHelper.sortMethods() took 0 ms.
14:55:40.349 [main] INFO  org.testng.internal.Utils - [Utils] MethodGroupsHelper.collectMethodsByGroup() took 0 ms.
14:55:40.350 [main] INFO  org.testng.internal.Utils - [Utils] MethodGroupsHelper.sortMethods() took 0 ms.
14:55:40.354 [main] INFO  org.testng.internal.Utils - [Utils] MethodGroupsHelper.collectMethodsByGroup() took 2 ms.
14:55:40.363 [main] INFO  org.testng.internal.Utils - [Utils] MethodGroupsHelper.sortMethods() took 9 ms.
14:55:40.365 [main] INFO  org.testng.internal.Utils - [Utils] MethodGroupsHelper.collectMethodsByGroup() took 0 ms.
14:55:40.366 [main] INFO  org.testng.internal.Utils - [Utils] MethodGroupsHelper.sortMethods() took 0 ms.
14:55:40.366 [main] INFO  org.testng.internal.Utils - [Utils] MethodGroupsHelper.collectMethodsByGroup() took 0 ms.
14:55:40.366 [main] INFO  org.testng.internal.Utils - [Utils] MethodGroupsHelper.sortMethods() took 0 ms.
14:55:40.367 [main] INFO  org.testng.internal.Utils - [Utils] MethodGroupsHelper.collectMethodsByGroup() took 0 ms.
14:55:40.367 [main] INFO  org.testng.internal.Utils - [Utils] MethodGroupsHelper.sortMethods() took 0 ms.
14:55:40.368 [main] INFO  org.testng.internal.Utils - [Utils] MethodGroupsHelper.collectMethodsByGroup() took 0 ms.
14:55:40.368 [main] INFO  org.testng.internal.Utils - [Utils] MethodGroupsHelper.sortMethods() took 0 ms.
14:55:40.368 [main] INFO  org.testng.internal.Utils - [Utils] MethodGroupsHelper.collectMethodsByGroup() took 0 ms.
14:55:40.368 [main] INFO  org.testng.internal.Utils - [Utils] MethodGroupsHelper.sortMethods() took 0 ms.
14:55:40.370 [main] INFO  org.testng.internal.Utils - [Utils] MethodGroupsHelper.collectMethodsByGroup() took 0 ms.
14:55:40.371 [main] INFO  org.testng.internal.Utils - [Utils] MethodGroupsHelper.sortMethods() took 0 ms.
14:55:40.371 [main] INFO  org.testng.internal.Utils - [Utils] MethodGroupsHelper.collectMethodsByGroup() took 0 ms.
14:55:40.371 [main] INFO  org.testng.internal.Utils - [Utils] MethodGroupsHelper.sortMethods() took 0 ms.
14:55:40.372 [main] INFO  org.testng.internal.Utils - [Utils] MethodGroupsHelper.collectMethodsByGroup() took 1 ms.
14:55:40.372 [main] INFO  org.testng.internal.Utils - [Utils] MethodGroupsHelper.sortMethods() took 0 ms.
14:55:40.373 [main] INFO  org.testng.internal.Utils - [Utils] MethodGroupsHelper.collectMethodsByGroup() took 0 ms.
14:55:40.373 [main] INFO  org.testng.internal.Utils - [Utils] MethodGroupsHelper.sortMethods() took 0 ms.
14:55:40.373 [main] INFO  org.testng.internal.Utils - [Utils] MethodGroupsHelper.collectMethodsByGroup() took 0 ms.
14:55:40.374 [main] INFO  org.testng.internal.Utils - [Utils] MethodGroupsHelper.sortMethods() took 0 ms.
14:55:40.379 [main] INFO  org.testng.internal.Utils - [TestNG] Running:
  C:\Users\ganes\AppData\Local\Temp\testng-eclipse--2106413245\testng-customsuite.xml

14:55:40.394 [main] INFO  org.testng.internal.Utils - [Utils] DynamicGraphHelper.createDynamicGraph() took 2 ms.
14:55:41.440 [main] INFO  org.testng.internal.Utils - [TestNG] Time taken by org.testng.reporters.jq.Main@d8948cd: 51 ms
14:55:41.449 [main] INFO  org.testng.internal.Utils - [TestNG] Time taken by org.testng.reporters.FailedReporter@766a4535: 9 ms
14:55:41.458 [main] INFO  org.testng.internal.Utils - [TestNG] Time taken by org.testng.reporters.XMLReporter@7207cb51: 9 ms
14:55:41.466 [main] INFO  org.testng.internal.Utils - [TestNG] Time taken by org.testng.reporters.EmailableReporter2@74ad8d05: 8 ms
14:55:41.472 [main] INFO  org.testng.internal.Utils - [TestNG] Time taken by org.testng.reporters.JUnitReportReporter@7159139f: 6 ms
14:55:41.472 [main] INFO  org.testng.internal.Utils - [TestNG] Time taken by org.testng.internal.ExitCodeListener@65bcf7c2: 0 ms
14:55:50.600 [main] INFO  org.testng.internal.Utils - [TestNG] Running:
  C:\Users\ganes\eclipse-workspace\TestAutomation_V1310\master.xml

14:56:00.505 [main] INFO  testCases.TC02_TestLoginPage - ************ Starting of the Test ***************
14:56:02.225 [main] INFO  testCases.TC02_TestLoginPage - ************ Starting of the Test ***************
14:56:02.564 [main] INFO  testCases.TC02_TestLoginPage - ************ Starting of the Test ***************
14:56:02.843 [main] INFO  testCases.TC02_TestLoginPage - ************ Starting of the Test ***************
14:56:03.080 [main] INFO  testCases.TC02_TestLoginPage - ************ Starting of the Test ***************
14:56:03.435 [main] INFO  testCases.TC02_TestLoginPage - ************ Starting of the Test ***************
14:56:03.464 [main] INFO  testCases.TC02_TestLoginPage - *********** End of the Testing **************
14:59:25.673 [main] INFO  org.testng.internal.Utils - [TestNG] Running:
  C:\Users\ganes\eclipse-workspace\TestAutomation_V1310\master.xml

14:59:35.787 [main] INFO  testCases.TC02_TestLoginPage - ************ Starting of the Test ***************
14:59:37.503 [main] INFO  testCases.TC02_TestLoginPage - ************ Starting of the Test ***************
14:59:37.790 [main] INFO  testCases.TC02_TestLoginPage - ************ Starting of the Test ***************
14:59:38.123 [main] INFO  testCases.TC02_TestLoginPage - ************ Starting of the Test ***************
14:59:38.418 [main] INFO  testCases.TC02_TestLoginPage - ************ Starting of the Test ***************
14:59:38.666 [main] INFO  testCases.TC02_TestLoginPage - ************ Starting of the Test ***************
14:59:38.688 [main] INFO  testCases.TC02_TestLoginPage - *********** End of the Testing **************
15:01:54.963 [main] INFO  org.testng.internal.Utils - [TestNG] Running:
  C:\Users\ganes\eclipse-workspace\TestAutomation_V1310\master.xml

15:02:05.107 [main] INFO  testCases.TC02_TestLoginPage - ************ Starting of the Test ***************
15:02:06.689 [main] INFO  testCases.TC02_TestLoginPage - ************ Starting of the Test ***************
15:02:07.072 [main] INFO  testCases.TC02_TestLoginPage - ************ Starting of the Test ***************
15:02:07.334 [main] INFO  testCases.TC02_TestLoginPage - ************ Starting of the Test ***************
15:02:07.649 [main] INFO  testCases.TC02_TestLoginPage - ************ Starting of the Test ***************
15:02:07.922 [main] INFO  testCases.TC02_TestLoginPage - ************ Starting of the Test ***************
15:02:07.945 [main] INFO  testCases.TC02_TestLoginPage - *********** End of the Testing **************
15:04:27.758 [main] INFO  org.testng.internal.Utils - [TestNG] Running:
  C:\Users\ganes\eclipse-workspace\TestAutomation_V1310\master.xml

15:04:37.807 [main] INFO  testCases.TC02_TestLoginPage - ************ Starting of the Test ***************
15:04:39.475 [main] INFO  testCases.TC02_TestLoginPage - ************ Starting of the Test ***************
15:04:39.816 [main] INFO  testCases.TC02_TestLoginPage - ************ Starting of the Test ***************
15:04:40.365 [main] INFO  testCases.TC02_TestLoginPage - ************ Starting of the Test ***************
15:04:40.680 [main] INFO  testCases.TC02_TestLoginPage - ************ Starting of the Test ***************
15:04:41.012 [main] INFO  testCases.TC02_TestLoginPage - ************ Starting of the Test ***************
15:04:41.043 [main] INFO  testCases.TC02_TestLoginPage - *********** End of the Testing **************
15:05:54.763 [main] INFO  org.testng.internal.Utils - [TestNG] Running:
  C:\Users\ganes\eclipse-workspace\TestAutomation_V1310\master.xml

15:06:04.782 [main] INFO  testCases.TC02_TestLoginPage - ************ Starting of the Test ***************
15:06:25.210 [main] INFO  testCases.TC02_TestLoginPage - ************ Starting of the Test ***************
15:06:25.630 [main] INFO  testCases.TC02_TestLoginPage - ************ Starting of the Test ***************
15:06:26.067 [main] INFO  testCases.TC02_TestLoginPage - ************ Starting of the Test ***************
15:06:26.470 [main] INFO  testCases.TC02_TestLoginPage - ************ Starting of the Test ***************
15:06:26.493 [main] INFO  testCases.TC02_TestLoginPage - *********** End of the Testing **************
15:08:42.794 [main] INFO  org.testng.internal.Utils - [TestNG] Running:
  C:\Users\ganes\eclipse-workspace\TestAutomation_V1310\master.xml

15:08:52.618 [main] INFO  testCases.TC02_TestLoginPage - ************ Starting of the Test ***************
15:08:54.415 [main] INFO  testCases.TC02_TestLoginPage - *********** End of the Testing **************
15:08:54.422 [main] INFO  testCases.TC02_TestLoginPage - ************ Starting of the Test ***************
15:08:54.835 [main] INFO  testCases.TC02_TestLoginPage - *********** End of the Testing **************
15:08:54.838 [main] INFO  testCases.TC02_TestLoginPage - ************ Starting of the Test ***************
15:08:55.181 [main] INFO  testCases.TC02_TestLoginPage - *********** End of the Testing **************
15:08:55.185 [main] INFO  testCases.TC02_TestLoginPage - ************ Starting of the Test ***************
15:08:55.551 [main] INFO  testCases.TC02_TestLoginPage - *********** End of the Testing **************
15:08:55.553 [main] INFO  testCases.TC02_TestLoginPage - ************ Starting of the Test ***************
15:08:55.589 [main] INFO  testCases.TC02_TestLoginPage - *********** End of the Testing **************
15:22:07.420 [main] INFO  org.testng.internal.Utils - [TestNG] Running:
  C:\Users\ganes\eclipse-workspace\TestAutomation_V1310\master.xml

15:22:17.853 [main] INFO  testCases.TC02_TestLoginPage - ************ Starting of the Test ***************
15:22:19.620 [main] INFO  testCases.TC02_TestLoginPage - *********** End of the Testing **************
15:22:19.636 [main] INFO  testCases.TC02_TestLoginPage - ************ Starting of the Test ***************
15:22:20.066 [main] INFO  testCases.TC02_TestLoginPage - *********** End of the Testing **************
15:22:20.073 [main] INFO  testCases.TC02_TestLoginPage - ************ Starting of the Test ***************
15:22:20.468 [main] INFO  testCases.TC02_TestLoginPage - *********** End of the Testing **************
15:22:20.473 [main] INFO  testCases.TC02_TestLoginPage - ************ Starting of the Test ***************
15:22:20.833 [main] INFO  testCases.TC02_TestLoginPage - *********** End of the Testing **************
15:22:20.839 [main] INFO  testCases.TC02_TestLoginPage - ************ Starting of the Test ***************
15:22:20.866 [main] INFO  testCases.TC02_TestLoginPage - *********** End of the Testing **************
15:23:45.960 [main] INFO  org.testng.internal.Utils - [TestNG] Running:
  C:\Users\ganes\eclipse-workspace\TestAutomation_V1310\master.xml

15:23:56.393 [main] INFO  testCases.TC02_TestLoginPage - ************ Starting of the Test ***************
15:23:58.194 [main] INFO  testCases.TC02_TestLoginPage - *********** End of the Testing **************
15:23:58.202 [main] INFO  testCases.TC02_TestLoginPage - ************ Starting of the Test ***************
15:23:58.502 [main] INFO  testCases.TC02_TestLoginPage - *********** End of the Testing **************
15:23:58.506 [main] INFO  testCases.TC02_TestLoginPage - ************ Starting of the Test ***************
15:23:58.957 [main] INFO  testCases.TC02_TestLoginPage - *********** End of the Testing **************
15:23:58.960 [main] INFO  testCases.TC02_TestLoginPage - ************ Starting of the Test ***************
15:23:59.259 [main] INFO  testCases.TC02_TestLoginPage - *********** End of the Testing **************
15:23:59.262 [main] INFO  testCases.TC02_TestLoginPage - ************ Starting of the Test ***************
15:23:59.512 [main] INFO  testCases.TC02_TestLoginPage - *********** End of the Testing **************
15:23:59.518 [main] INFO  testCases.TC02_TestLoginPage - ************ Starting of the Test ***************
15:23:59.534 [main] INFO  testCases.TC02_TestLoginPage - *********** End of the Testing **************
15:50:12.880 [main] INFO  org.testng.internal.Utils - [TestNG] Running:
  C:\Users\ganes\eclipse-workspace\TestAutomation_V1310\master.xml

15:50:23.532 [main] INFO  testCases.TC02_TestLoginPage - ************ Starting of the Test ***************
15:50:26.260 [main] INFO  testCases.TC02_TestLoginPage - *********** End of the Testing **************
15:50:26.269 [main] INFO  testCases.TC02_TestLoginPage - ************ Starting of the Test ***************
15:50:46.777 [main] INFO  testCases.TC02_TestLoginPage - *********** End of the Testing **************
15:50:46.781 [main] INFO  testCases.TC02_TestLoginPage - ************ Starting of the Test ***************
15:51:07.090 [main] INFO  testCases.TC02_TestLoginPage - *********** End of the Testing **************
15:51:07.095 [main] INFO  testCases.TC02_TestLoginPage - ************ Starting of the Test ***************
15:51:27.410 [main] INFO  testCases.TC02_TestLoginPage - *********** End of the Testing **************
15:51:27.424 [main] INFO  testCases.TC02_TestLoginPage - ************ Starting of the Test ***************
15:51:47.981 [main] INFO  testCases.TC02_TestLoginPage - *********** End of the Testing **************
15:51:47.988 [main] INFO  testCases.TC02_TestLoginPage - ************ Starting of the Test ***************
15:51:48.023 [main] INFO  testCases.TC02_TestLoginPage - *********** End of the Testing **************
15:53:08.752 [main] INFO  org.testng.internal.Utils - [Utils] MethodGroupsHelper.collectMethodsByGroup() took 0 ms.
15:53:08.757 [main] INFO  org.testng.internal.Utils - [Utils] MethodGroupsHelper.sortMethods() took 2 ms.
15:53:08.758 [main] INFO  org.testng.internal.Utils - [Utils] MethodGroupsHelper.collectMethodsByGroup() took 0 ms.
15:53:08.759 [main] INFO  org.testng.internal.Utils - [Utils] MethodGroupsHelper.sortMethods() took 0 ms.
15:53:08.759 [main] INFO  org.testng.internal.Utils - [Utils] MethodGroupsHelper.collectMethodsByGroup() took 0 ms.
15:53:08.759 [main] INFO  org.testng.internal.Utils - [Utils] MethodGroupsHelper.sortMethods() took 0 ms.
15:53:08.760 [main] INFO  org.testng.internal.Utils - [Utils] MethodGroupsHelper.collectMethodsByGroup() took 0 ms.
15:53:08.760 [main] INFO  org.testng.internal.Utils - [Utils] MethodGroupsHelper.sortMethods() took 0 ms.
15:53:08.766 [main] INFO  org.testng.internal.Utils - [Utils] MethodGroupsHelper.collectMethodsByGroup() took 4 ms.
15:53:08.777 [main] INFO  org.testng.internal.Utils - [Utils] MethodGroupsHelper.sortMethods() took 10 ms.
15:53:08.779 [main] INFO  org.testng.internal.Utils - [Utils] MethodGroupsHelper.collectMethodsByGroup() took 0 ms.
15:53:08.779 [main] INFO  org.testng.internal.Utils - [Utils] MethodGroupsHelper.sortMethods() took 0 ms.
15:53:08.780 [main] INFO  org.testng.internal.Utils - [Utils] MethodGroupsHelper.collectMethodsByGroup() took 0 ms.
15:53:08.781 [main] INFO  org.testng.internal.Utils - [Utils] MethodGroupsHelper.sortMethods() took 0 ms.
15:53:08.781 [main] INFO  org.testng.internal.Utils - [Utils] MethodGroupsHelper.collectMethodsByGroup() took 0 ms.
15:53:08.781 [main] INFO  org.testng.internal.Utils - [Utils] MethodGroupsHelper.sortMethods() took 0 ms.
15:53:08.783 [main] INFO  org.testng.internal.Utils - [Utils] MethodGroupsHelper.collectMethodsByGroup() took 0 ms.
15:53:08.783 [main] INFO  org.testng.internal.Utils - [Utils] MethodGroupsHelper.sortMethods() took 0 ms.
15:53:08.783 [main] INFO  org.testng.internal.Utils - [Utils] MethodGroupsHelper.collectMethodsByGroup() took 0 ms.
15:53:08.783 [main] INFO  org.testng.internal.Utils - [Utils] MethodGroupsHelper.sortMethods() took 0 ms.
15:53:08.787 [main] INFO  org.testng.internal.Utils - [Utils] MethodGroupsHelper.collectMethodsByGroup() took 0 ms.
15:53:08.787 [main] INFO  org.testng.internal.Utils - [Utils] MethodGroupsHelper.sortMethods() took 0 ms.
15:53:08.787 [main] INFO  org.testng.internal.Utils - [Utils] MethodGroupsHelper.collectMethodsByGroup() took 0 ms.
15:53:08.787 [main] INFO  org.testng.internal.Utils - [Utils] MethodGroupsHelper.sortMethods() took 0 ms.
15:53:08.788 [main] INFO  org.testng.internal.Utils - [Utils] MethodGroupsHelper.collectMethodsByGroup() took 0 ms.
15:53:08.788 [main] INFO  org.testng.internal.Utils - [Utils] MethodGroupsHelper.sortMethods() took 0 ms.
15:53:08.789 [main] INFO  org.testng.internal.Utils - [Utils] MethodGroupsHelper.collectMethodsByGroup() took 0 ms.
15:53:08.790 [main] INFO  org.testng.internal.Utils - [Utils] MethodGroupsHelper.sortMethods() took 0 ms.
15:53:08.790 [main] INFO  org.testng.internal.Utils - [Utils] MethodGroupsHelper.collectMethodsByGroup() took 0 ms.
15:53:08.790 [main] INFO  org.testng.internal.Utils - [Utils] MethodGroupsHelper.sortMethods() took 0 ms.
15:53:08.796 [main] INFO  org.testng.internal.Utils - [TestNG] Running:
  C:\Users\ganes\AppData\Local\Temp\testng-eclipse-970557217\testng-customsuite.xml

15:53:08.813 [main] INFO  org.testng.internal.Utils - [Utils] DynamicGraphHelper.createDynamicGraph() took 4 ms.
15:53:10.055 [main] INFO  org.testng.internal.Utils - [TestNG] Time taken by org.testng.reporters.jq.Main@d8948cd: 66 ms
15:53:10.072 [main] INFO  org.testng.internal.Utils - [TestNG] Time taken by org.testng.reporters.FailedReporter@766a4535: 17 ms
15:53:10.089 [main] INFO  org.testng.internal.Utils - [TestNG] Time taken by org.testng.reporters.XMLReporter@7207cb51: 16 ms
15:53:10.109 [main] INFO  org.testng.internal.Utils - [TestNG] Time taken by org.testng.reporters.EmailableReporter2@74ad8d05: 20 ms
15:53:10.117 [main] INFO  org.testng.internal.Utils - [TestNG] Time taken by org.testng.reporters.JUnitReportReporter@65bcf7c2: 8 ms
15:53:10.117 [main] INFO  org.testng.internal.Utils - [TestNG] Time taken by org.testng.internal.ExitCodeListener@3db64bd4: 0 ms
15:53:27.424 [main] INFO  org.testng.internal.Utils - [TestNG] Running:
  C:\Users\ganes\eclipse-workspace\TestAutomation_V1310\master.xml

15:53:38.341 [main] INFO  testCases.TC02_TestLoginPage - ************ Starting of the Test ***************
15:53:40.385 [main] INFO  testCases.TC02_TestLoginPage - *********** End of the Testing **************
15:53:40.396 [main] INFO  testCases.TC02_TestLoginPage - ************ Starting of the Test ***************
15:54:01.001 [main] INFO  testCases.TC02_TestLoginPage - *********** End of the Testing **************
15:54:01.012 [main] INFO  testCases.TC02_TestLoginPage - ************ Starting of the Test ***************
15:54:21.677 [main] INFO  testCases.TC02_TestLoginPage - *********** End of the Testing **************
15:54:21.681 [main] INFO  testCases.TC02_TestLoginPage - ************ Starting of the Test ***************
15:54:42.285 [main] INFO  testCases.TC02_TestLoginPage - *********** End of the Testing **************
15:54:42.301 [main] INFO  testCases.TC02_TestLoginPage - ************ Starting of the Test ***************
15:55:02.793 [main] INFO  testCases.TC02_TestLoginPage - *********** End of the Testing **************
15:55:02.803 [main] INFO  testCases.TC02_TestLoginPage - ************ Starting of the Test ***************
15:55:02.844 [main] INFO  testCases.TC02_TestLoginPage - *********** End of the Testing **************
15:58:05.848 [main] INFO  org.testng.internal.Utils - [TestNG] Running:
  C:\Users\ganes\eclipse-workspace\TestAutomation_V1310\master.xml

15:58:28.738 [main] INFO  testCases.TC02_TestLoginPage - ************ Starting of the Test ***************
15:58:30.590 [main] INFO  testCases.TC02_TestLoginPage - *********** End of the Testing **************
15:58:30.596 [main] INFO  testCases.TC02_TestLoginPage - ************ Starting of the Test ***************
15:58:51.292 [main] INFO  testCases.TC02_TestLoginPage - *********** End of the Testing **************
15:58:51.295 [main] INFO  testCases.TC02_TestLoginPage - ************ Starting of the Test ***************
15:59:12.075 [main] INFO  testCases.TC02_TestLoginPage - *********** End of the Testing **************
15:59:12.078 [main] INFO  testCases.TC02_TestLoginPage - ************ Starting of the Test ***************
15:59:32.651 [main] INFO  testCases.TC02_TestLoginPage - *********** End of the Testing **************
15:59:32.654 [main] INFO  testCases.TC02_TestLoginPage - ************ Starting of the Test ***************
15:59:53.053 [main] INFO  testCases.TC02_TestLoginPage - *********** End of the Testing **************
15:59:53.054 [main] INFO  testCases.TC02_TestLoginPage - ************ Starting of the Test ***************
15:59:53.065 [main] INFO  testCases.TC02_TestLoginPage - *********** End of the Testing **************
16:39:11.415 [main] INFO  org.testng.internal.Utils - [TestNG] Running:
  C:\Users\ganes\eclipse-workspace\TestAutomation_V1310\master.xml

17:09:52.275 [main] INFO  org.testng.internal.Utils - [TestNG] Running:
  C:\Users\ganes\eclipse-workspace\TestAutomation_V1310\grouping.xml

17:10:58.737 [main] INFO  org.testng.internal.Utils - [TestNG] Running:
  C:\Users\ganes\eclipse-workspace\TestAutomation_V1310\grouping.xml

21:30:02.099 [main] INFO  org.testng.internal.Utils - [TestNG] Running:
  C:\Users\ganes\eclipse-workspace\TestAutomation_V1310\grouping.xml

21:32:01.533 [main] INFO  org.testng.internal.Utils - [TestNG] Running:
  C:\Users\ganes\eclipse-workspace\TestAutomation_V1310\grouping.xml

21:33:40.569 [main] INFO  org.testng.internal.Utils - [TestNG] Running:
  C:\Users\ganes\eclipse-workspace\TestAutomation_V1310\grouping.xml

21:42:27.800 [main] INFO  org.testng.internal.Utils - [TestNG] Running:
  C:\Users\ganes\eclipse-workspace\TestAutomation_V1310\grouping.xml

21:46:09.955 [main] INFO  org.testng.internal.Utils - [TestNG] Running:
  C:\Users\ganes\eclipse-workspace\TestAutomation_V1310\grouping.xml

10:58:48.547 [main] INFO  org.testng.internal.Utils - [TestNG] Running:
  C:\Users\ganes\eclipse-workspace\TestAutomation_V1310\grouping.xml

11:23:27.459 [main] INFO  org.testng.internal.Utils - [TestNG] Running:
  C:\Users\ganes\eclipse-workspace\TestAutomation_V1310\test-output\testng-failed.xml

11:35:56.460 [main] INFO  org.testng.internal.Utils - [TestNG] Running:
  C:\Users\ganes\eclipse-workspace\TestAutomation_V1310\crossbrowser.xml

11:36:08.960 [TestNG-tests-3] INFO  testCases.TC02_TestLoginPage - ************ Starting of the Test ***************
11:36:08.960 [TestNG-tests-1] INFO  testCases.TC02_TestLoginPage - ************ Starting of the Test ***************
11:36:08.960 [TestNG-tests-2] INFO  testCases.TC02_TestLoginPage - ************ Starting of the Test ***************
11:36:39.956 [TestNG-tests-3] INFO  testCases.TC02_TestLoginPage - *********** End of the Testing **************
11:36:39.986 [TestNG-tests-3] INFO  testCases.TC02_TestLoginPage - ************ Starting of the Test ***************
11:37:00.004 [TestNG-tests-1] INFO  testCases.TC02_TestLoginPage - *********** End of the Testing **************
11:37:00.009 [TestNG-tests-1] INFO  testCases.TC02_TestLoginPage - ************ Starting of the Test ***************
11:37:10.052 [TestNG-tests-2] INFO  testCases.TC02_TestLoginPage - *********** End of the Testing **************
11:37:10.058 [TestNG-tests-2] INFO  testCases.TC02_TestLoginPage - ************ Starting of the Test ***************
